十二月 07, 2018 9:34:14 上午 org.apache.catalina.core.AprLifecycleListener init
信息: The APR based Apache Tomcat Native library which allows optimal performance in production environments was not found on the java.library.path: C:\Program Files\Java\jdk1.8.0_121\bin;C:\Windows\Sun\Java\bin;C:\Windows\system32;C:\Windows;C:\ProgramData\Oracle\Java\javapath;C:\Windows\system32;C:\Windows;C:\Windows\System32\Wbem;C:\Windows\System32\WindowsPowerShell\v1.0\;C:\Program Files\Java\jdk1.8.0_121\bin;D:\Mysql 5\bin;E:\Program Files\MySQL\MySQL Server 5.1\bin;;.
十二月 07, 2018 9:34:14 上午 org.apache.coyote.AbstractProtocol init
信息: Initializing ProtocolHandler ["http-bio-8080"]
十二月 07, 2018 9:34:14 上午 org.apache.coyote.AbstractProtocol init
信息: Initializing ProtocolHandler ["ajp-bio-8009"]
十二月 07, 2018 9:34:14 上午 org.apache.catalina.startup.Catalina load
信息: Initialization processed in 1306 ms
十二月 07, 2018 9:34:15 上午 org.apache.catalina.core.StandardService startInternal
信息: Starting service Catalina
十二月 07, 2018 9:34:15 上午 org.apache.catalina.core.StandardEngine startInternal
信息: Starting Servlet Engine: Apache Tomcat/7.0.42
十二月 07, 2018 9:34:15 上午 org.apache.catalina.startup.HostConfig deployDirectory
信息: Deploying web application directory E:\JAVAWEB\apache-tomcat-7.0.42\webapps\docs
十二月 07, 2018 9:34:15 上午 org.apache.catalina.util.SessionIdGenerator createSecureRandom
信息: Creation of SecureRandom instance for session ID generation using [SHA1PRNG] took [156] milliseconds.
十二月 07, 2018 9:34:15 上午 org.apache.catalina.startup.HostConfig deployDirectory
信息: Deploying web application directory E:\JAVAWEB\apache-tomcat-7.0.42\webapps\examples
十二月 07, 2018 9:34:15 上午 org.apache.catalina.startup.HostConfig deployDirectory
信息: Deploying web application directory E:\JAVAWEB\apache-tomcat-7.0.42\webapps\host-manager
十二月 07, 2018 9:34:15 上午 org.apache.catalina.startup.HostConfig deployDirectory
信息: Deploying web application directory E:\JAVAWEB\apache-tomcat-7.0.42\webapps\manager
十二月 07, 2018 9:34:15 上午 org.apache.catalina.startup.HostConfig deployDirectory
信息: Deploying web application directory E:\JAVAWEB\apache-tomcat-7.0.42\webapps\ROOT
十二月 07, 2018 9:34:15 上午 org.apache.coyote.AbstractProtocol start
信息: Starting ProtocolHandler ["http-bio-8080"]
十二月 07, 2018 9:34:15 上午 org.apache.coyote.AbstractProtocol start
信息: Starting ProtocolHandler ["ajp-bio-8009"]
十二月 07, 2018 9:34:15 上午 org.apache.catalina.startup.Catalina start
信息: Server startup in 991 ms
十二月 07, 2018 9:35:01 上午 org.apache.coyote.http11.AbstractHttp11Processor process
信息: Error parsing HTTP request header
 Note: further occurrences of HTTP header parsing errors will be logged at DEBUG level.
十二月 07, 2018 9:35:41 上午 org.apache.coyote.http11.AbstractHttp11Processor process
信息: Error parsing HTTP request header
 Note: further occurrences of HTTP header parsing errors will be logged at DEBUG level.
十二月 07, 2018 9:40:48 上午 org.apache.catalina.core.StandardServer await
信息: A valid shutdown command was received via the shutdown port. Stopping the Server instance.
十二月 07, 2018 9:40:48 上午 org.apache.coyote.AbstractProtocol pause
信息: Pausing ProtocolHandler ["http-bio-8080"]
十二月 07, 2018 9:40:48 上午 org.apache.coyote.AbstractProtocol pause
信息: Pausing ProtocolHandler ["ajp-bio-8009"]
十二月 07, 2018 9:40:48 上午 org.apache.catalina.core.StandardService stopInternal
信息: Stopping service Catalina
十二月 07, 2018 9:40:48 上午 org.apache.coyote.AbstractProtocol stop
信息: Stopping ProtocolHandler ["http-bio-8080"]
十二月 07, 2018 9:40:48 上午 org.apache.coyote.AbstractProtocol stop
信息: Stopping ProtocolHandler ["ajp-bio-8009"]
十二月 07, 2018 9:40:48 上午 org.apache.coyote.AbstractProtocol destroy
信息: Destroying ProtocolHandler ["http-bio-8080"]
十二月 07, 2018 9:40:48 上午 org.apache.coyote.AbstractProtocol destroy
信息: Destroying ProtocolHandler ["ajp-bio-8009"]
十二月 07, 2018 9:40:49 上午 org.apache.catalina.startup.Catalina stopServer
严重: Could not contact localhost:8005. Tomcat may not be running.
十二月 07, 2018 9:40:49 上午 org.apache.catalina.startup.Catalina stopServer
严重: Catalina.stop: 
java.net.ConnectException: Connection refused: connect
	at java.net.DualStackPlainSocketImpl.connect0(Native Method)
	at java.net.DualStackPlainSocketImpl.socketConnect(DualStackPlainSocketImpl.java:79)
	at java.net.AbstractPlainSocketImpl.doConnect(AbstractPlainSocketImpl.java:350)
	at java.net.AbstractPlainSocketImpl.connectToAddress(AbstractPlainSocketImpl.java:206)
	at java.net.AbstractPlainSocketImpl.connect(AbstractPlainSocketImpl.java:188)
	at java.net.PlainSocketImpl.connect(PlainSocketImpl.java:172)
	at java.net.SocksSocketImpl.connect(SocksSocketImpl.java:392)
	at java.net.Socket.connect(Socket.java:589)
	at java.net.Socket.connect(Socket.java:538)
	at java.net.Socket.<init>(Socket.java:434)
	at java.net.Socket.<init>(Socket.java:211)
	at org.apache.catalina.startup.Catalina.stopServer(Catalina.java:500)
	at sun.reflect.NativeMethodAccessorImpl.invoke0(Native Method)
	at sun.reflect.NativeMethodAccessorImpl.invoke(NativeMethodAccessorImpl.java:62)
	at sun.reflect.DelegatingMethodAccessorImpl.invoke(DelegatingMethodAccessorImpl.java:43)
	at java.lang.reflect.Method.invoke(Method.java:498)
	at org.apache.catalina.startup.Bootstrap.stopServer(Bootstrap.java:371)
	at org.apache.catalina.startup.Bootstrap.main(Bootstrap.java:458)

十二月 07, 2018 9:40:57 上午 org.apache.catalina.core.AprLifecycleListener init
信息: The APR based Apache Tomcat Native library which allows optimal performance in production environments was not found on the java.library.path: C:\Program Files\Java\jdk1.8.0_121\bin;C:\Windows\Sun\Java\bin;C:\Windows\system32;C:\Windows;C:\ProgramData\Oracle\Java\javapath;C:\Windows\system32;C:\Windows;C:\Windows\System32\Wbem;C:\Windows\System32\WindowsPowerShell\v1.0\;C:\Program Files\Java\jdk1.8.0_121\bin;D:\Mysql 5\bin;E:\Program Files\MySQL\MySQL Server 5.1\bin;;.
十二月 07, 2018 9:40:57 上午 org.apache.coyote.AbstractProtocol init
信息: Initializing ProtocolHandler ["http-bio-80"]
十二月 07, 2018 9:40:57 上午 org.apache.coyote.AbstractProtocol init
信息: Initializing ProtocolHandler ["ajp-bio-8009"]
十二月 07, 2018 9:40:57 上午 org.apache.catalina.startup.Catalina load
信息: Initialization processed in 464 ms
十二月 07, 2018 9:40:57 上午 org.apache.catalina.core.StandardService startInternal
信息: Starting service Catalina
十二月 07, 2018 9:40:57 上午 org.apache.catalina.core.StandardEngine startInternal
信息: Starting Servlet Engine: Apache Tomcat/7.0.42
十二月 07, 2018 9:40:57 上午 org.apache.catalina.startup.HostConfig deployDirectory
信息: Deploying web application directory E:\JAVAWEB\apache-tomcat-7.0.42\webapps\docs
十二月 07, 2018 9:40:57 上午 org.apache.catalina.startup.HostConfig deployDirectory
信息: Deploying web application directory E:\JAVAWEB\apache-tomcat-7.0.42\webapps\examples
十二月 07, 2018 9:40:58 上午 org.apache.catalina.startup.HostConfig deployDirectory
信息: Deploying web application directory E:\JAVAWEB\apache-tomcat-7.0.42\webapps\host-manager
十二月 07, 2018 9:40:58 上午 org.apache.catalina.startup.HostConfig deployDirectory
信息: Deploying web application directory E:\JAVAWEB\apache-tomcat-7.0.42\webapps\manager
十二月 07, 2018 9:40:58 上午 org.apache.catalina.startup.HostConfig deployDirectory
信息: Deploying web application directory E:\JAVAWEB\apache-tomcat-7.0.42\webapps\ROOT
十二月 07, 2018 9:40:58 上午 org.apache.coyote.AbstractProtocol start
信息: Starting ProtocolHandler ["http-bio-80"]
十二月 07, 2018 9:40:58 上午 org.apache.coyote.AbstractProtocol start
信息: Starting ProtocolHandler ["ajp-bio-8009"]
十二月 07, 2018 9:40:58 上午 org.apache.catalina.startup.Catalina start
信息: Server startup in 849 ms
十二月 07, 2018 9:54:17 上午 org.apache.catalina.core.StandardServer await
信息: A valid shutdown command was received via the shutdown port. Stopping the Server instance.
十二月 07, 2018 9:54:17 上午 org.apache.coyote.AbstractProtocol pause
信息: Pausing ProtocolHandler ["http-bio-80"]
十二月 07, 2018 9:54:18 上午 org.apache.coyote.AbstractProtocol pause
信息: Pausing ProtocolHandler ["ajp-bio-8009"]
十二月 07, 2018 9:54:18 上午 org.apache.catalina.core.StandardService stopInternal
信息: Stopping service Catalina
十二月 07, 2018 9:54:18 上午 org.apache.coyote.AbstractProtocol stop
信息: Stopping ProtocolHandler ["http-bio-80"]
十二月 07, 2018 9:54:18 上午 org.apache.coyote.AbstractProtocol stop
信息: Stopping ProtocolHandler ["ajp-bio-8009"]
十二月 07, 2018 9:54:18 上午 org.apache.coyote.AbstractProtocol destroy
信息: Destroying ProtocolHandler ["http-bio-80"]
十二月 07, 2018 9:54:18 上午 org.apache.coyote.AbstractProtocol destroy
信息: Destroying ProtocolHandler ["ajp-bio-8009"]
十二月 07, 2018 9:54:53 上午 org.apache.catalina.core.AprLifecycleListener init
信息: The APR based Apache Tomcat Native library which allows optimal performance in production environments was not found on the java.library.path: C:\Program Files\Java\jdk1.8.0_121\bin;C:\Windows\Sun\Java\bin;C:\Windows\system32;C:\Windows;C:\ProgramData\Oracle\Java\javapath;C:\Windows\system32;C:\Windows;C:\Windows\System32\Wbem;C:\Windows\System32\WindowsPowerShell\v1.0\;C:\Program Files\Java\jdk1.8.0_121\bin;D:\Mysql 5\bin;E:\Program Files\MySQL\MySQL Server 5.1\bin;;.
十二月 07, 2018 9:54:53 上午 org.apache.coyote.AbstractProtocol init
信息: Initializing ProtocolHandler ["http-bio-80"]
十二月 07, 2018 9:54:53 上午 org.apache.coyote.AbstractProtocol init
信息: Initializing ProtocolHandler ["ajp-bio-8009"]
十二月 07, 2018 9:54:53 上午 org.apache.catalina.startup.Catalina load
信息: Initialization processed in 607 ms
十二月 07, 2018 9:54:53 上午 org.apache.catalina.core.StandardService startInternal
信息: Starting service Catalina
十二月 07, 2018 9:54:53 上午 org.apache.catalina.core.StandardEngine startInternal
信息: Starting Servlet Engine: Apache Tomcat/7.0.42
十二月 07, 2018 9:54:53 上午 org.apache.catalina.startup.HostConfig deployDirectory
信息: Deploying web application directory E:\JAVAWEB\apache-tomcat-7.0.42\webapps\docs
十二月 07, 2018 9:54:53 上午 org.apache.catalina.util.SessionIdGenerator createSecureRandom
信息: Creation of SecureRandom instance for session ID generation using [SHA1PRNG] took [132] milliseconds.
十二月 07, 2018 9:54:53 上午 org.apache.catalina.startup.HostConfig deployDirectory
信息: Deploying web application directory E:\JAVAWEB\apache-tomcat-7.0.42\webapps\examples
十二月 07, 2018 9:54:54 上午 org.apache.catalina.startup.HostConfig deployDirectory
信息: Deploying web application directory E:\JAVAWEB\apache-tomcat-7.0.42\webapps\host-manager
十二月 07, 2018 9:54:54 上午 org.apache.catalina.startup.HostConfig deployDirectory
信息: Deploying web application directory E:\JAVAWEB\apache-tomcat-7.0.42\webapps\manager
十二月 07, 2018 9:54:54 上午 org.apache.catalina.startup.HostConfig deployDirectory
信息: Deploying web application directory E:\JAVAWEB\apache-tomcat-7.0.42\webapps\ROOT
十二月 07, 2018 9:54:54 上午 org.apache.coyote.AbstractProtocol start
信息: Starting ProtocolHandler ["http-bio-80"]
十二月 07, 2018 9:54:54 上午 org.apache.coyote.AbstractProtocol start
信息: Starting ProtocolHandler ["ajp-bio-8009"]
十二月 07, 2018 9:54:54 上午 org.apache.catalina.startup.Catalina start
信息: Server startup in 845 ms
十二月 07, 2018 9:55:29 上午 org.apache.catalina.core.StandardServer await
信息: A valid shutdown command was received via the shutdown port. Stopping the Server instance.
十二月 07, 2018 9:55:29 上午 org.apache.coyote.AbstractProtocol pause
信息: Pausing ProtocolHandler ["http-bio-80"]
十二月 07, 2018 9:55:29 上午 org.apache.coyote.AbstractProtocol pause
信息: Pausing ProtocolHandler ["ajp-bio-8009"]
十二月 07, 2018 9:55:29 上午 org.apache.catalina.core.StandardService stopInternal
信息: Stopping service Catalina
十二月 07, 2018 9:55:29 上午 org.apache.coyote.AbstractProtocol stop
信息: Stopping ProtocolHandler ["http-bio-80"]
十二月 07, 2018 9:55:29 上午 org.apache.coyote.AbstractProtocol stop
信息: Stopping ProtocolHandler ["ajp-bio-8009"]
十二月 07, 2018 9:55:29 上午 org.apache.coyote.AbstractProtocol destroy
信息: Destroying ProtocolHandler ["http-bio-80"]
十二月 07, 2018 9:55:29 上午 org.apache.coyote.AbstractProtocol destroy
信息: Destroying ProtocolHandler ["ajp-bio-8009"]
